PID 20753 Serviço de Atualização da Base de Dados: *******
PID 20753 Serviço de Atualização da Base de Dados: Inicializando serviço  de Atualização da Base de Dados
PID 20753 Serviço de Atualização da Base de Dados: 2019-11-01 14:00:01.686347
PID 20753         db_handler: iniciando conexão com Banco de Dados.
PID 20753         db_handler: Conexão esstabelecida com Sucesso!
PID 20753        QueryRunner: Procurando Por Arquivo de Querys.
PID 20753        QueryRunner: Não há registros a serem atualizados.
PID 21087 Serviço de Atualização da Base de Dados: *******
PID 21087 Serviço de Atualização da Base de Dados: Inicializando serviço  de Atualização da Base de Dados
PID 21087 Serviço de Atualização da Base de Dados: 2019-11-01 14:06:04.280641
PID 21087         db_handler: iniciando conexão com Banco de Dados.
PID 21087         db_handler: Conexão esstabelecida com Sucesso!
PID 21087        QueryRunner: Procurando Por Arquivo de Querys.
PID 21087        QueryRunner: Executando Querys n°1
PID 21087        QueryRunner: Executando Querys n°2
PID 21087        QueryRunner: Executando Querys n°3
PID 21087        QueryRunner: Executando Querys n°4
PID 21087        QueryRunner: Executando Querys n°5
PID 21087        QueryRunner: Standy by por 5s
PID 21087        QueryRunner: Executando Querys n°6
PID 21087        QueryRunner: Executando Querys n°7
PID 21087        QueryRunner: Executando Querys n°8
PID 21087        QueryRunner: Executando Querys n°9
PID 21087        QueryRunner: Executando Querys n°10
PID 21087 Serviço de Atualização da Base de Dados: Serviço de Atualização da Base de Dados Concluido
PID 21087 Serviço de Atualização da Base de Dados: 10 registros foram Atualizados
PID 21087 Serviço de Atualização da Base de Dados: Encerrando Serviço de Atuliazação.
PID 21087 Serviço de Atualização da Base de Dados: *******
PID 21165 Serviço de Atualização da Base de Dados: *******
PID 21165 Serviço de Atualização da Base de Dados: Inicializando serviço  de Atualização da Base de Dados
PID 21165 Serviço de Atualização da Base de Dados: 2019-11-01 14:07:23.352150
PID 21165         db_handler: iniciando conexão com Banco de Dados.
PID 21165         db_handler: Conexão esstabelecida com Sucesso!
PID 21165        QueryRunner: Procurando Por Arquivo de Querys.
PID 21165        QueryRunner: Executando Querys n°1
PID 21165        QueryRunner: Executando Querys n°2
PID 21165        QueryRunner: Executando Querys n°3
PID 21165        QueryRunner: Executando Querys n°4
PID 21165        QueryRunner: Executando Querys n°5
PID 21165        QueryRunner: Standy by por 5s
PID 21165        QueryRunner: Executando Querys n°6
PID 21165        QueryRunner: Executando Querys n°7
PID 21165        QueryRunner: Executando Querys n°8
PID 21165        QueryRunner: Executando Querys n°9
PID 21165        QueryRunner: Executando Querys n°10
PID 21165 Serviço de Atualização da Base de Dados: Serviço de Atualização da Base de Dados Concluido
PID 21165 Serviço de Atualização da Base de Dados: 10 registros foram Atualizados
PID 21165 Serviço de Atualização da Base de Dados: Encerrando Serviço de Atuliazação.
PID 21165 Serviço de Atualização da Base de Dados: *******
PID 21240 Serviço de Atualização da Base de Dados: *******
PID 21240 Serviço de Atualização da Base de Dados: Inicializando serviço  de Atualização da Base de Dados
PID 21240 Serviço de Atualização da Base de Dados: 2019-11-01 14:07:49.555265
PID 21240         db_handler: iniciando conexão com Banco de Dados.
PID 21240         db_handler: Conexão esstabelecida com Sucesso!
PID 21240        QueryRunner: Procurando Por Arquivo de Querys.
PID 21240        QueryRunner: Executando Querys n°1
PID 21240        QueryRunner: Executando Querys n°2
PID 21240        QueryRunner: Executando Querys n°3
PID 21240        QueryRunner: Executando Querys n°4
PID 21240        QueryRunner: Executando Querys n°5
PID 21240        QueryRunner: Standy by por 5s
PID 21240        QueryRunner: Executando Querys n°6
PID 21240        QueryRunner: Executando Querys n°7
PID 21240        QueryRunner: Executando Querys n°8
PID 21240        QueryRunner: Executando Querys n°9
PID 21240        QueryRunner: Executando Querys n°10
PID 21240 Serviço de Atualização da Base de Dados: Serviço de Atualização da Base de Dados Concluido
PID 21240 Serviço de Atualização da Base de Dados: 10 registros foram Atualizados
PID 21291 Serviço de Atualização da Base de Dados: *******
PID 21291 Serviço de Atualização da Base de Dados: Inicializando serviço  de Atualização da Base de Dados
PID 21291 Serviço de Atualização da Base de Dados: 2019-11-01 14:08:18.329651
PID 21291         db_handler: iniciando conexão com Banco de Dados.
PID 21291         db_handler: Conexão esstabelecida com Sucesso!
PID 21291        QueryRunner: Procurando Por Arquivo de Querys.
PID 21291        QueryRunner: Executando Querys n°1
PID 21291        QueryRunner: Executando Querys n°2
PID 21291        QueryRunner: Executando Querys n°3
PID 21291        QueryRunner: Executando Querys n°4
PID 21291        QueryRunner: Executando Querys n°5
PID 21291        QueryRunner: Standy by por 5s
PID 21291        QueryRunner: Executando Querys n°6
PID 21291        QueryRunner: Executando Querys n°7
PID 21291        QueryRunner: Executando Querys n°8
PID 21291        QueryRunner: Executando Querys n°9
PID 21291        QueryRunner: Executando Querys n°10
PID 21291 Serviço de Atualização da Base de Dados: Serviço de Atualização da Base de Dados Concluido
PID 21291 Serviço de Atualização da Base de Dados: 10 registros foram Atualizados
PID 21368 Serviço de Atualização da Base de Dados: *******
PID 21368 Serviço de Atualização da Base de Dados: Inicializando serviço  de Atualização da Base de Dados
PID 21368 Serviço de Atualização da Base de Dados: 2019-11-01 14:09:00.763694
PID 21368         db_handler: iniciando conexão com Banco de Dados.
PID 21368         db_handler: Conexão esstabelecida com Sucesso!
PID 21368        QueryRunner: Procurando Por Arquivo de Querys.
PID 21368        QueryRunner: Executando Querys n°1
PID 21368        QueryRunner: Executando Querys n°2
PID 21368        QueryRunner: Executando Querys n°3
PID 21368        QueryRunner: Executando Querys n°4
PID 21368        QueryRunner: Executando Querys n°5
PID 21368        QueryRunner: Standy by por 5s
PID 21368        QueryRunner: Executando Querys n°6
PID 21368        QueryRunner: Executando Querys n°7
PID 21368        QueryRunner: Executando Querys n°8
PID 21368        QueryRunner: Executando Querys n°9
PID 21368        QueryRunner: Executando Querys n°10
PID 21368 Serviço de Atualização da Base de Dados: Serviço de Atualização da Base de Dados Concluido
PID 21368 Serviço de Atualização da Base de Dados: 10 registros foram Atualizados
PID 21524 Serviço de Atualização da Base de Dados: *******
PID 21524 Serviço de Atualização da Base de Dados: Inicializando serviço  de Atualização da Base de Dados
PID 21524 Serviço de Atualização da Base de Dados: 2019-11-01 14:09:29.700388
PID 21524         db_handler: iniciando conexão com Banco de Dados.
PID 21524         db_handler: Conexão esstabelecida com Sucesso!
PID 21524        QueryRunner: Procurando Por Arquivo de Querys.
PID 21524 Serviço de Atualização da Base de Dados: Serviço de Atualização da Base de Dados Concluido
PID 21524 Serviço de Atualização da Base de Dados: 0 registros foram Atualizados
PID 21571 Serviço de Atualização da Base de Dados: *******
PID 21571 Serviço de Atualização da Base de Dados: Inicializando serviço  de Atualização da Base de Dados
PID 21571 Serviço de Atualização da Base de Dados: 2019-11-01 14:09:43.761373
PID 21571         db_handler: iniciando conexão com Banco de Dados.
PID 21571         db_handler: Conexão esstabelecida com Sucesso!
PID 21571        QueryRunner: Procurando Por Arquivo de Querys.
PID 21571 Serviço de Atualização da Base de Dados: Serviço de Atualização da Base de Dados Concluido
PID 21571 Serviço de Atualização da Base de Dados: 0 registros foram Atualizados
PID 21614 Serviço de Atualização da Base de Dados: *******
PID 21614 Serviço de Atualização da Base de Dados: Inicializando serviço  de Atualização da Base de Dados
PID 21614 Serviço de Atualização da Base de Dados: 2019-11-01 14:09:57.227274
PID 21614         db_handler: iniciando conexão com Banco de Dados.
PID 21614         db_handler: Conexão esstabelecida com Sucesso!
PID 21614        QueryRunner: Procurando Por Arquivo de Querys.
PID 21614 Serviço de Atualização da Base de Dados: Serviço de Atualização da Base de Dados Concluido
PID 21614 Serviço de Atualização da Base de Dados: 0 registros foram Atualizados
PID 21656 Serviço de Atualização da Base de Dados: *******
PID 21656 Serviço de Atualização da Base de Dados: Inicializando serviço  de Atualização da Base de Dados
PID 21656 Serviço de Atualização da Base de Dados: 2019-11-01 14:10:09.546520
PID 21656         db_handler: iniciando conexão com Banco de Dados.
PID 21656         db_handler: Conexão esstabelecida com Sucesso!
PID 21656        QueryRunner: Procurando Por Arquivo de Querys.
PID 21656 Serviço de Atualização da Base de Dados: Serviço de Atualização da Base de Dados Concluido
PID 21656 Serviço de Atualização da Base de Dados: 0 registros foram Atualizados
PID 21656 Serviço de Atualização da Base de Dados: Encerrando Serviço de Atuliazação.
PID 21656 Serviço de Atualização da Base de Dados: *******
PID 21728 Serviço de Atualização da Base de Dados: *******
PID 21728 Serviço de Atualização da Base de Dados: Inicializando serviço  de Atualização da Base de Dados
PID 21728 Serviço de Atualização da Base de Dados: 2019-11-01 14:11:06.483378
PID 21728         db_handler: iniciando conexão com Banco de Dados.
PID 21728         db_handler: Conexão esstabelecida com Sucesso!
PID 21728        QueryRunner: Procurando Por Arquivo de Querys.
PID 21812 Serviço de Atualização da Base de Dados: *******
PID 21812 Serviço de Atualização da Base de Dados: Inicializando serviço  de Atualização da Base de Dados
PID 21812 Serviço de Atualização da Base de Dados: 2019-11-01 14:12:45.116258
PID 21812         db_handler: iniciando conexão com Banco de Dados.
PID 21812         db_handler: Conexão esstabelecida com Sucesso!
PID 21812        QueryRunner: Procurando Por Arquivo de Querys.
PID 21878 Serviço de Atualização da Base de Dados: *******
PID 21878 Serviço de Atualização da Base de Dados: Inicializando serviço  de Atualização da Base de Dados
PID 21878 Serviço de Atualização da Base de Dados: 2019-11-01 14:13:58.874306
PID 21878         db_handler: iniciando conexão com Banco de Dados.
PID 21878         db_handler: Conexão esstabelecida com Sucesso!
PID 21878        QueryRunner: Procurando Por Arquivo de Querys.
PID 21878 Serviço de Atualização da Base de Dados: Serviço de Atualização da Base de Dados Concluido
PID 21878 Serviço de Atualização da Base de Dados: 0 registros foram Atualizados
PID 21878 Serviço de Atualização da Base de Dados: Encerrando Serviço de Atuliazação.
PID 21878 Serviço de Atualização da Base de Dados: *******
PID 22016 Serviço de Atualização da Base de Dados: *******
PID 22016 Serviço de Atualização da Base de Dados: Inicializando serviço  de Atualização da Base de Dados
PID 22016 Serviço de Atualização da Base de Dados: 2019-11-01 14:16:48.073886
PID 22016         db_handler: iniciando conexão com Banco de Dados.
PID 22016         db_handler: Conexão esstabelecida com Sucesso!
PID 22016        QueryRunner: Procurando Por Arquivo de Querys.
PID 22062 Serviço de Atualização da Base de Dados: *******
PID 22062 Serviço de Atualização da Base de Dados: Inicializando serviço  de Atualização da Base de Dados
PID 22062 Serviço de Atualização da Base de Dados: 2019-11-01 14:17:04.842218
PID 22062         db_handler: iniciando conexão com Banco de Dados.
PID 22062         db_handler: Conexão esstabelecida com Sucesso!
PID 22062        QueryRunner: Procurando Por Arquivo de Querys.
PID 22062        QueryRunner: Executando Querys n°1
PID 22062        QueryRunner: Executando Querys n°2
PID 22062        QueryRunner: Executando Querys n°3
PID 22062        QueryRunner: Executando Querys n°4
PID 22062        QueryRunner: Executando Querys n°5
PID 22062        QueryRunner: Standy by por 5s
PID 22062        QueryRunner: Executando Querys n°6
PID 22062        QueryRunner: Executando Querys n°7
PID 22062        QueryRunner: Executando Querys n°8
PID 22062        QueryRunner: Executando Querys n°9
PID 22062        QueryRunner: Executando Querys n°10
PID 22062 Serviço de Atualização da Base de Dados: Serviço de Atualização da Base de Dados Concluido
PID 22062 Serviço de Atualização da Base de Dados: 10 registros foram Atualizados
PID 22183 Serviço de Atualização da Base de Dados: *******
PID 22183 Serviço de Atualização da Base de Dados: Inicializando serviço  de Atualização da Base de Dados
PID 22183 Serviço de Atualização da Base de Dados: 2019-11-01 14:18:18.189151
PID 22183         db_handler: iniciando conexão com Banco de Dados.
PID 22183         db_handler: Conexão esstabelecida com Sucesso!
PID 22183        QueryRunner: Procurando Por Arquivo de Querys.
PID 22183        QueryRunner: Executando Querys n°1
PID 22183        QueryRunner: Executando Querys n°2
PID 22183        QueryRunner: Executando Querys n°3
PID 22183        QueryRunner: Executando Querys n°4
PID 22183        QueryRunner: Executando Querys n°5
PID 22183        QueryRunner: Standy by por 5s
PID 22183        QueryRunner: Executando Querys n°6
PID 22183        QueryRunner: Executando Querys n°7
PID 22183        QueryRunner: Executando Querys n°8
PID 22183        QueryRunner: Executando Querys n°9
PID 22183        QueryRunner: Executando Querys n°10
PID 22183 Serviço de Atualização da Base de Dados: Serviço de Atualização da Base de Dados Concluido
PID 22183 Serviço de Atualização da Base de Dados: 10 registros foram Atualizados
PID 22447 Serviço de Atualização da Base de Dados: *******
PID 22447 Serviço de Atualização da Base de Dados: Inicializando serviço  de Atualização da Base de Dados
PID 22447 Serviço de Atualização da Base de Dados: 2019-11-01 14:24:18.667748
PID 22447         db_handler: iniciando conexão com Banco de Dados.
PID 22447         db_handler: Conexão esstabelecida com Sucesso!
PID 22447        QueryRunner: Procurando Por Arquivo de Querys.
PID 22447        QueryRunner: Arquivo não encontrado!
PID 22447 Serviço de Atualização da Base de Dados: Serviço de Atualização da Base de Dados Concluido
PID 22447 Serviço de Atualização da Base de Dados: None registros foram Atualizados
PID 22522 Serviço de Atualização da Base de Dados: *******
PID 22522 Serviço de Atualização da Base de Dados: Inicializando serviço  de Atualização da Base de Dados
PID 22522 Serviço de Atualização da Base de Dados: 2019-11-01 14:24:28.808739
PID 22522         db_handler: iniciando conexão com Banco de Dados.
PID 22522         db_handler: Conexão esstabelecida com Sucesso!
PID 22522        QueryRunner: Procurando Por Arquivo de Querys.
PID 22522        QueryRunner: Arquivo não encontrado!
PID 22522 Serviço de Atualização da Base de Dados: Serviço de Atualização da Base de Dados Concluido
PID 22522 Serviço de Atualização da Base de Dados: None registros foram Atualizados
PID 22592 Serviço de Atualização da Base de Dados: *******
PID 22592 Serviço de Atualização da Base de Dados: Inicializando serviço  de Atualização da Base de Dados
PID 22592 Serviço de Atualização da Base de Dados: 2019-11-01 14:24:54.569870
PID 22592         db_handler: iniciando conexão com Banco de Dados.
PID 22592         db_handler: Conexão esstabelecida com Sucesso!
PID 22592        QueryRunner: Procurando Por Arquivo de Querys.
PID 22592        QueryRunner: Arquivo não encontrado!
PID 22592 Serviço de Atualização da Base de Dados: Serviço de Atualização da Base de Dados Concluido
PID 22592 Serviço de Atualização da Base de Dados: None registros foram Atualizados
PID 22694 Serviço de Atualização da Base de Dados: *******
PID 22694 Serviço de Atualização da Base de Dados: Inicializando serviço  de Atualização da Base de Dados
PID 22694 Serviço de Atualização da Base de Dados: 2019-11-01 14:26:35.991356
PID 22694         db_handler: iniciando conexão com Banco de Dados.
PID 22694         db_handler: Conexão esstabelecida com Sucesso!
PID 22694        QueryRunner: Procurando Por Arquivo de Querys.
PID 22694        QueryRunner: Executando Querys n°1
PID 22694        QueryRunner: Executando Querys n°2
PID 22694        QueryRunner: Executando Querys n°3
PID 22694        QueryRunner: Executando Querys n°4
PID 22694        QueryRunner: Executando Querys n°5
PID 22694        QueryRunner: Standy by por 5s
PID 22694        QueryRunner: Executando Querys n°6
PID 22694        QueryRunner: Executando Querys n°7
PID 22694        QueryRunner: Executando Querys n°8
PID 22694        QueryRunner: Executando Querys n°9
PID 22694        QueryRunner: Executando Querys n°10
PID 22694 Serviço de Atualização da Base de Dados: Serviço de Atualização da Base de Dados Concluido
PID 22694 Serviço de Atualização da Base de Dados: 10 registros foram Atualizados
PID 22694 Serviço de Atualização da Base de Dados: Encerrando Serviço de Atuliazação.
PID 22694 Serviço de Atualização da Base de Dados: *******
PID 23101 Serviço de Atualização da Base de Dados: *******
PID 23101 Serviço de Atualização da Base de Dados: Inicializando serviço  de Atualização da Base de Dados
PID 23101 Serviço de Atualização da Base de Dados: 2019-11-01 14:30:01.239717
PID 23101         db_handler: iniciando conexão com Banco de Dados.
PID 23101         db_handler: Conexão esstabelecida com Sucesso!
PID 23101        QueryRunner: Procurando Por Arquivo de Querys.
PID 23101        QueryRunner: Não há registros a serem atualizados.
PID 24390 Serviço de Atualização da Base de Dados: *******
PID 24390 Serviço de Atualização da Base de Dados: Inicializando serviço  de Atualização da Base de Dados
PID 24390 Serviço de Atualização da Base de Dados: 2019-11-01 15:00:01.175469
PID 24390         db_handler: iniciando conexão com Banco de Dados.
PID 24390         db_handler: Conexão estabelecida com Sucesso!
PID 24390        QueryRunner: Procurando Por Arquivo de Querys.
PID 24390        QueryRunner: Não há registros a serem atualizados.
